C:\Users\G.DERAMBURE\Documents\Alternance\Formation_angular2\DutchTreat\DutchTreat\client\dist\out-tsc\app\app.component.js
C:\Users\G.DERAMBURE\Documents\Alternance\Formation_angular2\DutchTreat\DutchTreat\client\dist\out-tsc\app\app.component.js.map
C:\Users\G.DERAMBURE\Documents\Alternance\Formation_angular2\DutchTreat\DutchTreat\client\dist\out-tsc\app\shared\Order.js
C:\Users\G.DERAMBURE\Documents\Alternance\Formation_angular2\DutchTreat\DutchTreat\client\dist\out-tsc\app\shared\Order.js.map
C:\Users\G.DERAMBURE\Documents\Alternance\Formation_angular2\DutchTreat\DutchTreat\client\dist\out-tsc\app\shared\Product.js
C:\Users\G.DERAMBURE\Documents\Alternance\Formation_angular2\DutchTreat\DutchTreat\client\dist\out-tsc\app\shared\Product.js.map
C:\Users\G.DERAMBURE\Documents\Alternance\Formation_angular2\DutchTreat\DutchTreat\client\dist\out-tsc\app\services\store.service.js
C:\Users\G.DERAMBURE\Documents\Alternance\Formation_angular2\DutchTreat\DutchTreat\client\dist\out-tsc\app\services\store.service.js.map
C:\Users\G.DERAMBURE\Documents\Alternance\Formation_angular2\DutchTreat\DutchTreat\client\dist\out-tsc\app\views\productListView.component.js
C:\Users\G.DERAMBURE\Documents\Alternance\Formation_angular2\DutchTreat\DutchTreat\client\dist\out-tsc\app\views\productListView.component.js.map
C:\Users\G.DERAMBURE\Documents\Alternance\Formation_angular2\DutchTreat\DutchTreat\client\dist\out-tsc\app\views\cartView.component.js
C:\Users\G.DERAMBURE\Documents\Alternance\Formation_angular2\DutchTreat\DutchTreat\client\dist\out-tsc\app\views\cartView.component.js.map
C:\Users\G.DERAMBURE\Documents\Alternance\Formation_angular2\DutchTreat\DutchTreat\client\dist\out-tsc\app\app.module.js
C:\Users\G.DERAMBURE\Documents\Alternance\Formation_angular2\DutchTreat\DutchTreat\client\dist\out-tsc\app\app.module.js.map
C:\Users\G.DERAMBURE\Documents\Alternance\Formation_angular2\DutchTreat\DutchTreat\client\dist\out-tsc\environments\environment.js
C:\Users\G.DERAMBURE\Documents\Alternance\Formation_angular2\DutchTreat\DutchTreat\client\dist\out-tsc\environments\environment.js.map
C:\Users\G.DERAMBURE\Documents\Alternance\Formation_angular2\DutchTreat\DutchTreat\client\dist\out-tsc\main.js
C:\Users\G.DERAMBURE\Documents\Alternance\Formation_angular2\DutchTreat\DutchTreat\client\dist\out-tsc\main.js.map
C:\Users\G.DERAMBURE\Documents\Alternance\Formation_angular2\DutchTreat\DutchTreat\client\dist\out-tsc\polyfills.js
C:\Users\G.DERAMBURE\Documents\Alternance\Formation_angular2\DutchTreat\DutchTreat\client\dist\out-tsc\polyfills.js.map
C:\Users\G.DERAMBURE\Documents\Alternance\Formation_angular2\DutchTreat\DutchTreat\client\dist\out-tsc\environments\environment.prod.js
C:\Users\G.DERAMBURE\Documents\Alternance\Formation_angular2\DutchTreat\DutchTreat\client\dist\out-tsc\environments\environment.prod.js.map
